2025-02-17 21:34:47,212 - INFO - Image Paths: ['https://preview.redd.it/rf5hhjlrqoje1.png?auto=webp&s=fb02a09bb485c1a1bc3274ff7641c4d69fa58beb']
2025-02-17 21:34:47,212 - INFO - Video Path: 
2025-02-17 21:34:47,312 - INFO - Downloaded media from https://preview.redd.it/rf5hhjlrqoje1.png?auto=webp&s=fb02a09bb485c1a1bc3274ff7641c4d69fa58beb to temp_image.jpg
2025-02-17 21:34:48,697 - INFO - Posted content successfully. Tweet ID: 1891602219734269974
2025-02-17 22:12:11,521 - INFO - Content: Stadium looks infinitely cooler than the canceled Hero Mode
Seriously, kudos to the devs for managing to salvage the talent system into something cool.

I know people were furious when hero mode was canceled, but I've always been extremely skeptical about how hero mode was going to stay fun. We already had a taste of what hero mode was going to be (sans talents) with the Underworld event and it was fucking boring as all hell. It was so boring that I will bet that 90% of those reading this probably does not even remember what it was. Adding a grindy treadmill in the form of WoW talents would not have fundamentally improved the experience.

I greatly prefer the way Stadium looks from the outset and I frankly find it far more fun to have a Heroes of the Storm style talent build that remains dynamic throughout the match than the static WoW style tree.
2025-02-17 22:12:11,522 - INFO - Image Paths: []
2025-02-17 22:12:11,522 - INFO - Video Path: 
2025-02-17 22:12:11,851 - INFO - Posted content successfully. Tweet ID: 1891611630133444924
2025-02-17 22:36:38,611 - INFO - Content: Cosmo and Wanda think they're slick 😭

2025-02-17 22:36:38,611 - INFO - Image Paths: ['https://preview.redd.it/qkvi99qzfrje1.jpg?width=2560&format=pjpg&auto=webp&s=21457e98fd044cff4508b3faa5168e3014308ec0', 'https://preview.redd.it/z2eaodqzfrje1.jpg?width=2560&format=pjpg&auto=webp&s=a1585047aa20cefa5dccbbf74aff44b1fcf61bde']
2025-02-17 22:36:38,611 - INFO - Video Path: 
2025-02-17 22:36:38,748 - INFO - Downloaded media from https://preview.redd.it/qkvi99qzfrje1.jpg?width=2560&format=pjpg&auto=webp&s=21457e98fd044cff4508b3faa5168e3014308ec0 to temp_image.jpg
2025-02-17 22:36:39,526 - INFO - Downloaded media from https://preview.redd.it/z2eaodqzfrje1.jpg?width=2560&format=pjpg&auto=webp&s=a1585047aa20cefa5dccbbf74aff44b1fcf61bde to temp_image.jpg
2025-02-17 22:36:40,871 - INFO - Posted content successfully. Tweet ID: 1891617790752113125
2025-02-17 23:12:20,568 - INFO - Content: Roadmaps to all 15 seasons of Overwatch 2 so far. Which one is your favorite?

2025-02-17 23:12:20,568 - INFO - Image Paths: ['https://preview.redd.it/z1hwwa8ubrje1.jpg?width=1920&format=pjpg&auto=webp&s=f2032fce268bf3c69db24ad9ffe1a9b47d63adb7', 'https://preview.redd.it/468vca9ubrje1.jpg?width=1920&format=pjpg&auto=webp&s=f39f13a2c519a7d5e1eaae457c2d2a1f0823acd9', 'https://preview.redd.it/wjk6678ubrje1.jpg?width=1920&format=pjpg&auto=webp&s=a24818e6e1cf5a6f609eb1f3611e92d53cc873d3', 'https://preview.redd.it/jabvn88ubrje1.jpg?width=1920&format=pjpg&auto=webp&s=103bb7efa111e27ae0aab2555e150d8a14e8ecb0']
2025-02-17 23:12:20,568 - INFO - Video Path: 
2025-02-17 23:12:20,607 - INFO - Downloaded media from https://preview.redd.it/z1hwwa8ubrje1.jpg?width=1920&format=pjpg&auto=webp&s=f2032fce268bf3c69db24ad9ffe1a9b47d63adb7 to temp_image.jpg
2025-02-17 23:12:21,253 - INFO - Downloaded media from https://preview.redd.it/468vca9ubrje1.jpg?width=1920&format=pjpg&auto=webp&s=f39f13a2c519a7d5e1eaae457c2d2a1f0823acd9 to temp_image.jpg
2025-02-17 23:12:21,914 - INFO - Downloaded media from https://preview.redd.it/wjk6678ubrje1.jpg?width=1920&format=pjpg&auto=webp&s=a24818e6e1cf5a6f609eb1f3611e92d53cc873d3 to temp_image.jpg
2025-02-17 23:12:22,624 - INFO - Downloaded media from https://preview.redd.it/jabvn88ubrje1.jpg?width=1920&format=pjpg&auto=webp&s=103bb7efa111e27ae0aab2555e150d8a14e8ecb0 to temp_image.jpg
2025-02-17 23:12:23,810 - INFO - Posted content successfully. Tweet ID: 1891626778990399801
2025-02-17 23:35:16,157 - INFO - Content: Sigma now has 3 weapon charms placements, yet all of his skins uses the one where the "stick" is impaled in his hand. I hope they add a custom "ring" for heroes that dont hold any weapon like genji, moira and zenyatta to say some of them...

2025-02-17 23:35:16,157 - INFO - Image Paths: ['https://preview.redd.it/iez8aicqmrje1.jpg?width=2118&format=pjpg&auto=webp&s=d8e4aa97a28451f1e1aeb9ac448252b09b685f5c', 'https://preview.redd.it/9sj8bqxzmrje1.jpg?width=1057&format=pjpg&auto=webp&s=fa73e58594c3dc705fd3756b1d25753faa3f7ba4']
2025-02-17 23:35:16,157 - INFO - Video Path: 
2025-02-17 23:35:16,241 - INFO - Downloaded media from https://preview.redd.it/iez8aicqmrje1.jpg?width=2118&format=pjpg&auto=webp&s=d8e4aa97a28451f1e1aeb9ac448252b09b685f5c to temp_image.jpg
2025-02-17 23:35:16,995 - INFO - Downloaded media from https://preview.redd.it/9sj8bqxzmrje1.jpg?width=1057&format=pjpg&auto=webp&s=fa73e58594c3dc705fd3756b1d25753faa3f7ba4 to temp_image.jpg
2025-02-17 23:35:18,110 - INFO - Posted content successfully. Tweet ID: 1891632542685724813
